#
# There is insufficient memory for the Java Runtime Environment to continue.
# Native memory allocation (mmap) failed to map 134217728 bytes for G1 virtual space
# Possible reasons:
#   The system is out of physical RAM or swap space
#   The process is running with CompressedOops enabled, and the Java Heap may be blocking the growth of the native heap
# Possible solutions:
#   Reduce memory load on the system
#   Increase physical memory or swap space
#   Check if swap backing store is full
#   Decrease Java heap size (-Xmx/-Xms)
#   Decrease number of Java threads
#   Decrease Java thread stack sizes (-Xss)
#   Set larger code cache with -XX:ReservedCodeCacheSize=
#   JVM is running with Unscaled Compressed Oops mode in which the Java heap is
#     placed in the first 4GB address space. The Java Heap base address is the
#     maximum limit for the native heap growth. Please use -XX:HeapBaseMinAddress
#     to set the Java Heap base and to place the Java Heap above 4GB virtual address.
# This output file may be truncated or incomplete.
#
#  Out of Memory Error (os_windows.cpp:3527), pid=24528, tid=14408
#
# JRE version:  (19.0.1+10) (build )
# Java VM: Java HotSpot(TM) 64-Bit Server VM (19.0.1+10-21, mixed mode, sharing, tiered, compressed oops, compressed class ptrs, g1 gc, windows-amd64)
# No core dump will be written. Minidumps are not enabled by default on client versions of Windows
#

---------------  S U M M A R Y ------------

Command Line: com.matheusdoedev.todo.list.Principal

Host: Intel(R) Core(TM) i7-8565U CPU @ 1.80GHz, 8 cores, 7G,  Windows 11 , 64 bit Build 22621 (10.0.22621.755)
Time: Tue Nov 29 14:17:50 2022 E. South America Standard Time elapsed time: 0.018652 seconds (0d 0h 0m 0s)

---------------  T H R E A D  ---------------

Current thread (0x000001d81ece9ff0):  JavaThread "Unknown thread" [_thread_in_vm, id=14408, stack(0x0000000100600000,0x0000000100700000)]

Stack: [0x0000000100600000,0x0000000100700000]
Native frames: (J=compiled Java code, j=interpreted, Vv=VM code, C=native code)
V  [jvm.dll+0x6ee8fa]
V  [jvm.dll+0x857a1e]
V  [jvm.dll+0x85940e]
V  [jvm.dll+0x859ac3]
V  [jvm.dll+0x28291f]
V  [jvm.dll+0x6eb6e9]
V  [jvm.dll+0x6e028a]
V  [jvm.dll+0x357136]
V  [jvm.dll+0x35eb96]
V  [jvm.dll+0x3b555e]
V  [jvm.dll+0x3b578f]
V  [jvm.dll+0x32c6ea]
V  [jvm.dll+0x32d59e]
V  [jvm.dll+0x821b20]
V  [jvm.dll+0x3c27c1]
V  [jvm.dll+0x8022f1]
V  [jvm.dll+0x44b30f]
V  [jvm.dll+0x44cc91]
C  [jli.dll+0x5287]
C  [ucrtbase.dll+0x29363]
C  [KERNEL32.DLL+0x1244d]
C  [ntdll.dll+0x5dfb8]


---------------  P R O C E S S  ---------------

Threads class SMR info:
_java_thread_list=0x00007ff9db5ad048, length=0, elements={
}

Java Threads: ( => current thread )

Other Threads:
  0x000001d81ed49580 WorkerThread "GC Thread#0" [stack: 0x0000000100700000,0x0000000100800000] [id=15384]
  0x000001d81ed5a460 ConcurrentGCThread "G1 Main Marker" [stack: 0x0000000100800000,0x0000000100900000] [id=7676]
  0x000001d81ed5c4e0 WorkerThread "G1 Conc#0" [stack: 0x0000000100900000,0x0000000100a00000] [id=8060]

[error occurred during error reporting (printing all threads), id 0xc0000005, EXCEPTION_ACCESS_VIOLATION (0xc0000005) at pc=0x00007ff9dad6d127]

VM state: not at safepoint (not fully initialized)

VM Mutex/Monitor currently owned by a thread:  ([mutex/lock_event])
[0x000001d81ece4d20] Heap_lock - owner thread: 0x000001d81ece9ff0

Heap address: 0x0000000081c00000, size: 2020 MB, Compressed Oops mode: 32-bit

CDS archive(s) mapped at: [0x0000000000000000-0x0000000000000000-0x0000000000000000), size 0, SharedBaseAddress: 0x0000000800000000, ArchiveRelocationMode: 0.
Narrow klass base: 0x0000000000000000, Narrow klass shift: 0, Narrow klass range: 0x0

GC Precious Log:
 CardTable entry size: 512
 Card Set container configuration: InlinePtr #cards 5 size 8 Array Of Cards #cards 12 size 40 Howl #buckets 4 coarsen threshold 1843 Howl Bitmap #cards 512 size 80 coarsen threshold 460 Card regions per heap region 1 cards per card region 2048

Heap:
 garbage-first heap   total 0K, used 0K [0x0000000081c00000, 0x0000000100000000)
  region size 1024K, 0 young (0K), 0 survivors (0K)

[error occurred during error reporting (printing heap information), id 0xc0000005, EXCEPTION_ACCESS_VIOLATION (0xc0000005) at pc=0x00007ff9db176959]

GC Heap History (0 events):
No events

Dll operation events (1 events):
Event: 0.011 Loaded shared library C:\Program Files\Java\jdk-19\bin\java.dll

Deoptimization events (0 events):
No events

Classes loaded (0 events):
No events

Classes unloaded (0 events):
No events

Classes redefined (0 events):
No events

Internal exceptions (0 events):
No events

VM Operations (0 events):
No events

Events (0 events):
No events


Dynamic libraries:
0x00007ff6ff8f0000 - 0x00007ff6ff900000 	C:\Program Files\Java\jdk-19\bin\java.exe
0x00007ffa4ee10000 - 0x00007ffa4f024000 	C:\Windows\SYSTEM32\ntdll.dll
0x00007ffa4d630000 - 0x00007ffa4d6f2000 	C:\Windows\System32\KERNEL32.DLL
0x00007ffa4c6b0000 - 0x00007ffa4ca4d000 	C:\Windows\System32\KERNELBASE.dll
0x00007ffa4c240000 - 0x00007ffa4c351000 	C:\Windows\System32\ucrtbase.dll
0x00007ffa2c8a0000 - 0x00007ffa2c8bb000 	C:\Program Files\Java\jdk-19\bin\VCRUNTIME140.dll
0x00007ffa2c090000 - 0x00007ffa2c0a8000 	C:\Program Files\Java\jdk-19\bin\jli.dll
0x00007ffa4dcc0000 - 0x00007ffa4dd6e000 	C:\Windows\System32\ADVAPI32.dll
0x00007ffa4dd70000 - 0x00007ffa4de17000 	C:\Windows\System32\msvcrt.dll
0x00007ffa4dc10000 - 0x00007ffa4dcb4000 	C:\Windows\System32\sechost.dll
0x00007ffa4d7e0000 - 0x00007ffa4d8f5000 	C:\Windows\System32\RPCRT4.dll
0x00007ffa4d380000 - 0x00007ffa4d52a000 	C:\Windows\System32\USER32.dll
0x00007ffa4cbe0000 - 0x00007ffa4cc06000 	C:\Windows\System32\win32u.dll
0x00007ffa2ed30000 - 0x00007ffa2efbe000 	C:\Windows\WinSxS\amd64_microsoft.windows.common-controls_6595b64144ccf1df_6.0.22621.608_none_a9444ca7c10bb01d\COMCTL32.dll
0x00007ffa4d900000 - 0x00007ffa4d929000 	C:\Windows\System32\GDI32.dll
0x00007ffa4c360000 - 0x00007ffa4c472000 	C:\Windows\System32\gdi32full.dll
0x00007ffa4ca50000 - 0x00007ffa4caea000 	C:\Windows\System32\msvcp_win.dll
0x00007ffa46110000 - 0x00007ffa4611a000 	C:\Windows\SYSTEM32\VERSION.dll
0x00007ffa4ccf0000 - 0x00007ffa4cd22000 	C:\Windows\System32\IMM32.DLL
0x00007ffa43d00000 - 0x00007ffa43d0c000 	C:\Program Files\Java\jdk-19\bin\vcruntime140_1.dll
0x00007ffa09770000 - 0x00007ffa097fe000 	C:\Program Files\Java\jdk-19\bin\msvcp140.dll
0x00007ff9daa30000 - 0x00007ff9db6f0000 	C:\Program Files\Java\jdk-19\bin\server\jvm.dll
0x00007ffa442f0000 - 0x00007ffa44324000 	C:\Windows\SYSTEM32\WINMM.dll
0x00007ffa45810000 - 0x00007ffa45819000 	C:\Windows\SYSTEM32\WSOCK32.dll
0x00007ffa4cd30000 - 0x00007ffa4cda1000 	C:\Windows\System32\WS2_32.dll
0x00007ffa4b270000 - 0x00007ffa4b288000 	C:\Windows\SYSTEM32\kernel.appcore.dll
0x00007ffa42f20000 - 0x00007ffa42f2a000 	C:\Program Files\Java\jdk-19\bin\jimage.dll
0x00007ffa498e0000 - 0x00007ffa49b0e000 	C:\Windows\SYSTEM32\DBGHELP.DLL
0x00007ffa4cff0000 - 0x00007ffa4d37a000 	C:\Windows\System32\combase.dll
0x00007ffa4d700000 - 0x00007ffa4d7d7000 	C:\Windows\System32\OLEAUT32.dll
0x00007ffa24650000 - 0x00007ffa24682000 	C:\Windows\SYSTEM32\dbgcore.DLL
0x00007ffa4cb60000 - 0x00007ffa4cbdb000 	C:\Windows\System32\bcryptPrimitives.dll
0x00007ffa2b660000 - 0x00007ffa2b686000 	C:\Program Files\Java\jdk-19\bin\java.dll

dbghelp: loaded successfully - version: 4.0.5 - missing functions: none
symbol engine: initialized successfully - sym options: 0x614 - pdb path: .;C:\Program Files\Java\jdk-19\bin;C:\Windows\SYSTEM32;C:\Windows\WinSxS\amd64_microsoft.windows.common-controls_6595b64144ccf1df_6.0.22621.608_none_a9444ca7c10bb01d;C:\Program Files\Java\jdk-19\bin\server

VM Arguments:
java_command: com.matheusdoedev.todo.list.Principal
java_class_path (initial): C:\Users\mathe\OneDrive\Documentos\NetBeansProjects\todo-list\target\classes
Launcher Type: SUN_STANDARD

[Global flags]
     intx CICompilerCount                          = 4                                         {product} {ergonomic}
     uint ConcGCThreads                            = 2                                         {product} {ergonomic}
     uint G1ConcRefinementThreads                  = 8                                         {product} {ergonomic}
   size_t G1HeapRegionSize                         = 1048576                                   {product} {ergonomic}
    uintx GCDrainStackTargetSize                   = 64                                        {product} {ergonomic}
   size_t InitialHeapSize                          = 134217728                                 {product} {ergonomic}
   size_t MarkStackSize                            = 4194304                                   {product} {ergonomic}
   size_t MaxHeapSize                              = 2118123520                                {product} {ergonomic}
   size_t MinHeapDeltaBytes                        = 1048576                                   {product} {ergonomic}
   size_t MinHeapSize                              = 8388608                                   {product} {ergonomic}
    uintx NonNMethodCodeHeapSize                   = 5839372                                {pd product} {ergonomic}
    uintx NonProfiledCodeHeapSize                  = 122909434                              {pd product} {ergonomic}
    uintx ProfiledCodeHeapSize                     = 122909434                              {pd product} {ergonomic}
    uintx ReservedCodeCacheSize                    = 251658240                              {pd product} {ergonomic}
     bool SegmentedCodeCache                       = true                                      {product} {ergonomic}
   size_t SoftMaxHeapSize                          = 2118123520                             {manageable} {ergonomic}
     bool UseCompressedClassPointers               = true                           {product lp64_product} {ergonomic}
     bool UseCompressedOops                        = true                           {product lp64_product} {ergonomic}
     bool UseG1GC                                  = true                                      {product} {ergonomic}
     bool UseLargePagesIndividualAllocation        = false                                  {pd product} {ergonomic}

Logging:
Log output configuration:
 #0: stdout all=warning uptime,level,tags foldmultilines=false
 #1: stderr all=off uptime,level,tags foldmultilines=false

Environment Variables:
JAVA_HOME=C:\Program Files\Java\jdk-19
PATH=C:\Program Files\Common Files\Oracle\Java\javapath;C:\Python311\Scripts\;C:\Python311\;C:\Program Files\Microsoft\jdk-11.0.12.7-hotspot\bin;C:\Windows\system32;C:\Windows;C:\Windows\System32\Wbem;C:\Windows\System32\WindowsPowerShell\v1.0\;C:\Windows\System32\OpenSSH\;C:\ProgramData\chocolatey\bin;C:\Program Files\Microsoft SQL Server\150\Tools\Binn\;C:\Program Files\Microsoft SQL Server\Client SDK\ODBC\170\Tools\Binn\;C:\Program Files\dotnet\;C:\Program Files\Git\cmd;C:\Program Files\nodejs\;C:\Program Files\MySQL\MySQL Shell 8.0\bin\;C:\Users\mathe\AppData\Local\Microsoft\WindowsApps;;C:\Users\mathe\AppData\Local\Programs\Microsoft VS Code\bin;C:\Users\mathe\.dotnet\tools;C:\Users\mathe\AppData\Roaming\npm
USERNAME=mathe
OS=Windows_NT
PROCESSOR_IDENTIFIER=Intel64 Family 6 Model 142 Stepping 12, GenuineIntel
TMP=C:\Users\mathe\AppData\Local\Temp
TEMP=C:\Users\mathe\AppData\Local\Temp



---------------  S Y S T E M  ---------------

OS:
 Windows 11 , 64 bit Build 22621 (10.0.22621.755)
OS uptime: 14 days 18:09 hours
Hyper-V role detected

CPU: total 8 (initial active 8) (4 cores per cpu, 2 threads per core) family 6 model 142 stepping 12 microcode 0xea, cx8, cmov, fxsr, ht, mmx, 3dnowpref, sse, sse2, sse3, ssse3, sse4.1, sse4.2, popcnt, lzcnt, tsc, tscinvbit, avx, avx2, aes, erms, clmul, bmi1, bmi2, adx, fma, vzeroupper, clflush, clflushopt, hv, rdtscp

Memory: 4k page, system-wide physical 8072M (427M free)
TotalPageFile size 22223M (AvailPageFile size 42M)
current process WorkingSet (physical memory assigned to process): 11M, peak: 11M
current process commit charge ("private bytes"): 60M, peak: 188M

vm_info: Java HotSpot(TM) 64-Bit Server VM (19.0.1+10-21) for windows-amd64 JRE (19.0.1+10-21), built on 2022-09-14T12:45:06Z by "mach5one" with MS VC++ 17.1 (VS2022)

END.
